<?xml version="1.0" encoding="UTF-8"?>
<testsuite name="AnimalTest" tests="1" skipped="0" failures="0" errors="0" timestamp="2020-02-12T13:21:08" hostname="umuzi" time="0.011">
  <properties/>
  <testcase name="TestCatSound()" classname="AnimalTest" time="0.011"/>
  <system-out><![CDATA[]]></system-out>
  <system-err><![CDATA[]]></system-err>
</testsuite>
